<?xml version="1.0" encoding="UTF-8" ?>
<testsuite tests="8" failures="0" name="com.universityapplication.universityapplication.models.SubjectIT" time="0.11" errors="0" skipped="0">
  <properties>
[...]
</properties>
  <testcase classname="com.universityapplication.universityapplication.models.SubjectIT" name="com.universityapplication.universityapplication.models.SubjectIT.testGetMajorId" time="0.016"/>
  <testcase classname="com.universityapplication.universityapplication.models.SubjectIT" name="com.universityapplication.universityapplication.models.SubjectIT.testGetName" time="0"/>
  <testcase classname="com.universityapplication.universityapplication.models.SubjectIT" name="com.universityapplication.universityapplication.models.SubjectIT.testGetProfessor" time="0"/>
  <testcase classname="com.universityapplication.universityapplication.models.SubjectIT" name="com.universityapplication.universityapplication.models.SubjectIT.testGetId" time="0"/>
  <testcase classname="com.universityapplication.universityapplication.models.SubjectIT" name="com.universityapplication.universityapplication.models.SubjectIT.testGetPlace" time="0"/>
  <testcase classname="com.universityapplication.universityapplication.models.SubjectIT" name="com.universityapplication.universityapplication.models.SubjectIT.testGetTime" time="0"/>
  <testcase classname="com.universityapplication.universityapplication.models.SubjectIT" name="com.universityapplication.universityapplication.models.SubjectIT.testGetSubjectUsers" time="0.078"/>
  <testcase classname="com.universityapplication.universityapplication.models.SubjectIT" name="com.universityapplication.universityapplication.models.SubjectIT.testGetSubjectComments" time="0.016"/>
</testsuite>